{"numFailedTestSuites":0,"numFailedTests":0,"numPassedTestSuites":2,"numPassedTests":15,"numPendingTestSuites":0,"numPendingTests":0,"numRuntimeErrorTestSuites":0,"numTodoTests":0,"numTotalTestSuites":2,"numTotalTests":15,"openHandles":[],"snapshot":{"added":0,"didUpdate":false,"failure":false,"filesAdded":0,"filesRemoved":0,"filesRemovedList":[],"filesUnmatched":0,"filesUpdated":0,"matched":0,"total":0,"unchecked":0,"uncheckedKeysByFile":[],"unmatched":0,"updated":0},"startTime":1703807935404,"success":true,"testResults":[{"assertionResults":[{"ancestorTitles":[],"duration":2,"failureDetails":[],"failureMessages":[],"fullName":"equalishBy","invocations":1,"location":{"column":1,"line":23},"numPassingAsserts":4,"retryReasons":[],"status":"passed","title":"equalishBy"},{"ancestorTitles":[],"duration":0,"failureDetails":[],"failureMessages":[],"fullName":"ofType","invocations":1,"location":{"column":1,"line":31},"numPassingAsserts":2,"retryReasons":[],"status":"passed","title":"ofType"},{"ancestorTitles":[],"duration":0,"failureDetails":[],"failureMessages":[],"fullName":"isType","invocations":1,"location":{"column":1,"line":35},"numPassingAsserts":2,"retryReasons":[],"status":"passed","title":"isType"},{"ancestorTitles":[],"duration":0,"failureDetails":[],"failureMessages":[],"fullName":"isObject","invocations":1,"location":{"column":1,"line":39},"numPassingAsserts":1,"retryReasons":[],"status":"passed","title":"isObject"},{"ancestorTitles":[],"duration":0,"failureDetails":[],"failureMessages":[],"fullName":"isString","invocations":1,"location":{"column":1,"line":42},"numPassingAsserts":1,"retryReasons":[],"status":"passed","title":"isString"},{"ancestorTitles":[],"duration":2,"failureDetails":[],"failureMessages":[],"fullName":"isNumber","invocations":1,"location":{"column":1,"line":45},"numPassingAsserts":1,"retryReasons":[],"status":"passed","title":"isNumber"},{"ancestorTitles":[],"duration":1,"failureDetails":[],"failureMessages":[],"fullName":"isBoolean","invocations":1,"location":{"column":1,"line":48},"numPassingAsserts":1,"retryReasons":[],"status":"passed","title":"isBoolean"},{"ancestorTitles":[],"duration":2,"failureDetails":[],"failureMessages":[],"fullName":"isUndefined","invocations":1,"location":{"column":1,"line":51},"numPassingAsserts":1,"retryReasons":[],"status":"passed","title":"isUndefined"},{"ancestorTitles":[],"duration":2,"failureDetails":[],"failureMessages":[],"fullName":"isArray","invocations":1,"location":{"column":1,"line":54},"numPassingAsserts":1,"retryReasons":[],"status":"passed","title":"isArray"},{"ancestorTitles":[],"duration":42,"failureDetails":[],"failureMessages":[],"fullName":"wrap","invocations":1,"location":{"column":1,"line":60},"numPassingAsserts":3,"retryReasons":[],"status":"passed","title":"wrap"},{"ancestorTitles":[],"duration":5,"failureDetails":[],"failureMessages":[],"fullName":"autobox","invocations":1,"location":{"column":1,"line":65},"numPassingAsserts":3,"retryReasons":[],"status":"passed","title":"autobox"},{"ancestorTitles":[],"duration":0,"failureDetails":[],"failureMessages":[],"fullName":"fresh","invocations":1,"location":{"column":1,"line":70},"numPassingAsserts":3,"retryReasons":[],"status":"passed","title":"fresh"},{"ancestorTitles":[],"duration":0,"failureDetails":[],"failureMessages":[],"fullName":"neue","invocations":1,"location":{"column":1,"line":82},"numPassingAsserts":3,"retryReasons":[],"status":"passed","title":"neue"},{"ancestorTitles":[],"duration":0,"failureDetails":[],"failureMessages":[],"fullName":"manyNew","invocations":1,"location":{"column":1,"line":102},"numPassingAsserts":2,"retryReasons":[],"status":"passed","title":"manyNew"}],"endTime":1703807937029,"message":"","name":"/Users/brekk/work/monoculture/packages/inherent/inherent.spec.js","startTime":1703807935487,"status":"passed","summary":""},{"assertionResults":[{"ancestorTitles":[],"duration":2,"failureDetails":[],"failureMessages":[],"fullName":"isNotEmpty","invocations":1,"location":{"column":1,"line":2},"numPassingAsserts":3,"retryReasons":[],"status":"passed","title":"isNotEmpty"}],"endTime":1703807937701,"message":"","name":"/Users/brekk/work/monoculture/packages/inherent/array.spec.js","startTime":1703807937039,"status":"passed","summary":""}],"wasInterrupted":false,"coverageMap":{"/Users/brekk/work/monoculture/packages/inherent/array.js":{"path":"/Users/brekk/work/monoculture/packages/inherent/array.js","all":false,"statementMap":{"0":{"start":{"line":1,"column":0},"end":{"line":1,"column":51}},"1":{"start":{"line":2,"column":0},"end":{"line":2,"column":0}},"2":{"start":{"line":3,"column":0},"end":{"line":3,"column":28}},"3":{"start":{"line":4,"column":0},"end":{"line":4,"column":50}},"4":{"start":{"line":5,"column":0},"end":{"line":5,"column":35}},"5":{"start":{"line":6,"column":0},"end":{"line":6,"column":58}}},"s":{"0":1,"1":1,"2":1,"3":1,"4":1,"5":1},"branchMap":{"0":{"type":"branch","line":3,"loc":{"start":{"line":3,"column":20},"end":{"line":3,"column":28}},"locations":[{"start":{"line":3,"column":20},"end":{"line":3,"column":28}}]},"1":{"type":"branch","line":5,"loc":{"start":{"line":5,"column":21},"end":{"line":5,"column":35}},"locations":[{"start":{"line":5,"column":21},"end":{"line":5,"column":35}}]},"2":{"type":"branch","line":6,"loc":{"start":{"line":6,"column":26},"end":{"line":6,"column":58}},"locations":[{"start":{"line":6,"column":26},"end":{"line":6,"column":58}}]}},"b":{"0":[5],"1":[1],"2":[2]},"fnMap":{"0":{"name":"wrap","decl":{"start":{"line":3,"column":20},"end":{"line":3,"column":28}},"loc":{"start":{"line":3,"column":20},"end":{"line":3,"column":28}},"line":3},"1":{"name":"fresh","decl":{"start":{"line":5,"column":21},"end":{"line":5,"column":35}},"loc":{"start":{"line":5,"column":21},"end":{"line":5,"column":35}},"line":5},"2":{"name":"isNotEmpty","decl":{"start":{"line":6,"column":26},"end":{"line":6,"column":58}},"loc":{"start":{"line":6,"column":26},"end":{"line":6,"column":58}},"line":6}},"f":{"0":5,"1":1,"2":2}},"/Users/brekk/work/monoculture/packages/inherent/inherent.js":{"path":"/Users/brekk/work/monoculture/packages/inherent/inherent.js","all":false,"statementMap":{"0":{"start":{"line":1,"column":0},"end":{"line":1,"column":28}},"1":{"start":{"line":2,"column":0},"end":{"line":2,"column":23}},"2":{"start":{"line":3,"column":0},"end":{"line":3,"column":24}},"3":{"start":{"line":4,"column":0},"end":{"line":4,"column":24}}},"s":{"0":1,"1":1,"2":1,"3":1},"branchMap":{},"b":{},"fnMap":{},"f":{}},"/Users/brekk/work/monoculture/packages/inherent/object.js":{"path":"/Users/brekk/work/monoculture/packages/inherent/object.js","all":false,"statementMap":{"0":{"start":{"line":1,"column":0},"end":{"line":1,"column":29}},"1":{"start":{"line":2,"column":0},"end":{"line":2,"column":0}},"2":{"start":{"line":3,"column":0},"end":{"line":3,"column":56}},"3":{"start":{"line":4,"column":0},"end":{"line":4,"column":28}},"4":{"start":{"line":5,"column":0},"end":{"line":5,"column":51}}},"s":{"0":1,"1":1,"2":1,"3":1,"4":1},"branchMap":{"0":{"type":"branch","line":3,"loc":{"start":{"line":3,"column":26},"end":{"line":3,"column":56}},"locations":[{"start":{"line":3,"column":26},"end":{"line":3,"column":56}}]},"1":{"type":"branch","line":5,"loc":{"start":{"line":5,"column":23},"end":{"line":5,"column":51}},"locations":[{"start":{"line":5,"column":23},"end":{"line":5,"column":51}}]}},"b":{"0":[1],"1":[1]},"fnMap":{"0":{"name":"manyNew","decl":{"start":{"line":5,"column":23},"end":{"line":5,"column":51}},"loc":{"start":{"line":5,"column":23},"end":{"line":5,"column":51}},"line":5}},"f":{"0":1}},"/Users/brekk/work/monoculture/packages/inherent/primitives.js":{"path":"/Users/brekk/work/monoculture/packages/inherent/primitives.js","all":false,"statementMap":{"0":{"start":{"line":1,"column":0},"end":{"line":1,"column":34}},"1":{"start":{"line":2,"column":0},"end":{"line":2,"column":0}},"2":{"start":{"line":3,"column":0},"end":{"line":3,"column":3}},"3":{"start":{"line":4,"column":0},"end":{"line":4,"column":31}},"4":{"start":{"line":5,"column":0},"end":{"line":5,"column":71}},"5":{"start":{"line":6,"column":0},"end":{"line":6,"column":19}},"6":{"start":{"line":7,"column":0},"end":{"line":7,"column":11}},"7":{"start":{"line":8,"column":0},"end":{"line":8,"column":8}},"8":{"start":{"line":9,"column":0},"end":{"line":9,"column":35}},"9":{"start":{"line":10,"column":0},"end":{"line":10,"column":29}},"10":{"start":{"line":11,"column":0},"end":{"line":11,"column":47}},"11":{"start":{"line":12,"column":0},"end":{"line":12,"column":4}},"12":{"start":{"line":13,"column":0},"end":{"line":13,"column":60}},"13":{"start":{"line":14,"column":0},"end":{"line":14,"column":2}},"14":{"start":{"line":15,"column":0},"end":{"line":15,"column":57}},"15":{"start":{"line":16,"column":0},"end":{"line":16,"column":59}},"16":{"start":{"line":17,"column":0},"end":{"line":17,"column":52}},"17":{"start":{"line":18,"column":0},"end":{"line":18,"column":6}},"18":{"start":{"line":19,"column":0},"end":{"line":19,"column":3}},"19":{"start":{"line":20,"column":0},"end":{"line":20,"column":32}},"20":{"start":{"line":21,"column":0},"end":{"line":21,"column":55}},"21":{"start":{"line":22,"column":0},"end":{"line":22,"column":1}},"22":{"start":{"line":23,"column":0},"end":{"line":23,"column":72}},"23":{"start":{"line":24,"column":0},"end":{"line":24,"column":52}},"24":{"start":{"line":25,"column":0},"end":{"line":25,"column":0}},"25":{"start":{"line":26,"column":0},"end":{"line":26,"column":53}},"26":{"start":{"line":27,"column":0},"end":{"line":27,"column":35}},"27":{"start":{"line":28,"column":0},"end":{"line":28,"column":0}},"28":{"start":{"line":29,"column":0},"end":{"line":29,"column":40}},"29":{"start":{"line":30,"column":0},"end":{"line":30,"column":74}},"30":{"start":{"line":31,"column":0},"end":{"line":31,"column":9}},"31":{"start":{"line":32,"column":0},"end":{"line":32,"column":56}},"32":{"start":{"line":33,"column":0},"end":{"line":33,"column":1}},"33":{"start":{"line":34,"column":0},"end":{"line":34,"column":36}}},"s":{"0":1,"1":1,"2":1,"3":1,"4":1,"5":1,"6":1,"7":1,"8":1,"9":1,"10":1,"11":1,"12":1,"13":1,"14":1,"15":1,"16":1,"17":1,"18":1,"19":1,"20":1,"21":1,"22":1,"23":1,"24":1,"25":1,"26":1,"27":1,"28":1,"29":1,"30":1,"31":1,"32":1,"33":1},"branchMap":{"0":{"type":"branch","line":21,"loc":{"start":{"line":21,"column":2},"end":{"line":21,"column":55}},"locations":[{"start":{"line":21,"column":2},"end":{"line":21,"column":55}}]},"1":{"type":"branch","line":27,"loc":{"start":{"line":27,"column":22},"end":{"line":27,"column":35}},"locations":[{"start":{"line":27,"column":22},"end":{"line":27,"column":35}}]}},"b":{"0":[4],"1":[2]},"fnMap":{"0":{"name":"ofType","decl":{"start":{"line":27,"column":22},"end":{"line":27,"column":35}},"loc":{"start":{"line":27,"column":22},"end":{"line":27,"column":35}},"line":27}},"f":{"0":2}}}}
