{"numFailedTestSuites":0,"numFailedTests":0,"numPassedTestSuites":4,"numPassedTests":10,"numPendingTestSuites":0,"numPendingTests":0,"numRuntimeErrorTestSuites":0,"numTodoTests":0,"numTotalTestSuites":4,"numTotalTests":10,"openHandles":[],"snapshot":{"added":0,"didUpdate":false,"failure":false,"filesAdded":0,"filesRemoved":0,"filesRemovedList":[],"filesUnmatched":0,"filesUpdated":0,"matched":7,"total":7,"unchecked":0,"uncheckedKeysByFile":[],"unmatched":0,"updated":0},"startTime":1703807935454,"success":true,"testResults":[{"assertionResults":[{"ancestorTitles":[],"duration":3,"failureDetails":[],"failureMessages":[],"fullName":"CONFIG","invocations":1,"location":{"column":1,"line":3},"numPassingAsserts":1,"retryReasons":[],"status":"passed","title":"CONFIG"},{"ancestorTitles":[],"duration":1,"failureDetails":[],"failureMessages":[],"fullName":"CONFIG_DEFAULTS","invocations":1,"location":{"column":1,"line":6},"numPassingAsserts":1,"retryReasons":[],"status":"passed","title":"CONFIG_DEFAULTS"},{"ancestorTitles":[],"duration":1,"failureDetails":[],"failureMessages":[],"fullName":"HELP_CONFIG","invocations":1,"location":{"column":1,"line":9},"numPassingAsserts":1,"retryReasons":[],"status":"passed","title":"HELP_CONFIG"}],"endTime":1703807937512,"message":"","name":"/Users/brekk/work/monoculture/packages/monocle/config.spec.js","startTime":1703807935895,"status":"passed","summary":""},{"assertionResults":[{"ancestorTitles":[],"duration":19,"failureDetails":[],"failureMessages":[],"fullName":"hash","invocations":1,"location":{"column":1,"line":6},"numPassingAsserts":1,"retryReasons":[],"status":"passed","title":"hash"}],"endTime":1703807938725,"message":"","name":"/Users/brekk/work/monoculture/packages/monocle/hash.spec.js","startTime":1703807935989,"status":"passed","summary":""},{"assertionResults":[{"ancestorTitles":[],"duration":103,"failureDetails":[],"failureMessages":[],"fullName":"readMonoFile","invocations":1,"location":{"column":1,"line":5},"numPassingAsserts":3,"retryReasons":[],"status":"passed","title":"readMonoFile"},{"ancestorTitles":[],"duration":20,"failureDetails":[],"failureMessages":[],"fullName":"readAll","invocations":1,"location":{"column":1,"line":34},"numPassingAsserts":2,"retryReasons":[],"status":"passed","title":"readAll"},{"ancestorTitles":[],"duration":1,"failureDetails":[],"failureMessages":[],"fullName":"monoprocessor","invocations":1,"location":{"column":1,"line":45},"numPassingAsserts":2,"retryReasons":[],"status":"passed","title":"monoprocessor"}],"endTime":1703807939292,"message":"","name":"/Users/brekk/work/monoculture/packages/monocle/reader.spec.js","startTime":1703807935909,"status":"passed","summary":""},{"assertionResults":[{"ancestorTitles":[],"duration":2,"failureDetails":[],"failureMessages":[],"fullName":"default export","invocations":1,"location":{"column":1,"line":7},"numPassingAsserts":1,"retryReasons":[],"status":"passed","title":"default export"},{"ancestorTitles":[],"duration":155,"failureDetails":[],"failureMessages":[],"fullName":"readAll","invocations":1,"location":{"column":1,"line":25},"numPassingAsserts":1,"retryReasons":[],"status":"passed","title":"readAll"},{"ancestorTitles":[],"duration":20,"failureDetails":[],"failureMessages":[],"fullName":"monoprocessor","invocations":1,"location":{"column":1,"line":67},"numPassingAsserts":1,"retryReasons":[],"status":"passed","title":"monoprocessor"}],"endTime":1703807939340,"message":"","name":"/Users/brekk/work/monoculture/packages/monocle/index.spec.js","startTime":1703807935876,"status":"passed","summary":""}],"wasInterrupted":false,"coverageMap":{"/Users/brekk/work/monoculture/packages/monocle/config.js":{"path":"/Users/brekk/work/monoculture/packages/monocle/config.js","all":false,"statementMap":{"0":{"start":{"line":1,"column":0},"end":{"line":1,"column":23}},"1":{"start":{"line":2,"column":0},"end":{"line":2,"column":10}},"2":{"start":{"line":3,"column":0},"end":{"line":3,"column":16}},"3":{"start":{"line":4,"column":0},"end":{"line":4,"column":42}},"4":{"start":{"line":5,"column":0},"end":{"line":5,"column":52}},"5":{"start":{"line":6,"column":0},"end":{"line":6,"column":20}},"6":{"start":{"line":7,"column":0},"end":{"line":7,"column":18}},"7":{"start":{"line":8,"column":0},"end":{"line":8,"column":29}},"8":{"start":{"line":9,"column":0},"end":{"line":9,"column":25}},"9":{"start":{"line":10,"column":0},"end":{"line":10,"column":17}},"10":{"start":{"line":11,"column":0},"end":{"line":11,"column":16}},"11":{"start":{"line":12,"column":0},"end":{"line":12,"column":18}},"12":{"start":{"line":13,"column":0},"end":{"line":13,"column":22}},"13":{"start":{"line":14,"column":0},"end":{"line":14,"column":17}},"14":{"start":{"line":15,"column":0},"end":{"line":15,"column":4}},"15":{"start":{"line":16,"column":0},"end":{"line":16,"column":25}},"16":{"start":{"line":17,"column":0},"end":{"line":17,"column":56}},"17":{"start":{"line":18,"column":0},"end":{"line":18,"column":39}},"18":{"start":{"line":19,"column":0},"end":{"line":19,"column":18}},"19":{"start":{"line":20,"column":0},"end":{"line":20,"column":26}},"20":{"start":{"line":21,"column":0},"end":{"line":21,"column":4}},"21":{"start":{"line":22,"column":0},"end":{"line":22,"column":1}},"22":{"start":{"line":23,"column":0},"end":{"line":23,"column":0}},"23":{"start":{"line":24,"column":0},"end":{"line":24,"column":32}},"24":{"start":{"line":25,"column":0},"end":{"line":25,"column":34}},"25":{"start":{"line":26,"column":0},"end":{"line":26,"column":25}},"26":{"start":{"line":27,"column":0},"end":{"line":27,"column":30}},"27":{"start":{"line":28,"column":0},"end":{"line":28,"column":16}},"28":{"start":{"line":29,"column":0},"end":{"line":29,"column":14}},"29":{"start":{"line":30,"column":0},"end":{"line":30,"column":1}},"30":{"start":{"line":31,"column":0},"end":{"line":31,"column":0}},"31":{"start":{"line":32,"column":0},"end":{"line":32,"column":28}},"32":{"start":{"line":33,"column":0},"end":{"line":33,"column":28}},"33":{"start":{"line":34,"column":0},"end":{"line":34,"column":40}},"34":{"start":{"line":35,"column":0},"end":{"line":35,"column":40}},"35":{"start":{"line":36,"column":0},"end":{"line":36,"column":51}},"36":{"start":{"line":37,"column":0},"end":{"line":37,"column":33}},"37":{"start":{"line":38,"column":0},"end":{"line":38,"column":48}},"38":{"start":{"line":39,"column":0},"end":{"line":39,"column":81}},"39":{"start":{"line":40,"column":0},"end":{"line":40,"column":35}},"40":{"start":{"line":41,"column":0},"end":{"line":41,"column":42}},"41":{"start":{"line":42,"column":0},"end":{"line":42,"column":79}},"42":{"start":{"line":43,"column":0},"end":{"line":43,"column":35}},"43":{"start":{"line":44,"column":0},"end":{"line":44,"column":60}},"44":{"start":{"line":45,"column":0},"end":{"line":45,"column":59}},"45":{"start":{"line":46,"column":0},"end":{"line":46,"column":50}},"46":{"start":{"line":47,"column":0},"end":{"line":47,"column":50}},"47":{"start":{"line":48,"column":0},"end":{"line":48,"column":87}},"48":{"start":{"line":49,"column":0},"end":{"line":49,"column":112}},"49":{"start":{"line":50,"column":0},"end":{"line":50,"column":68}},"50":{"start":{"line":51,"column":0},"end":{"line":51,"column":1}},"51":{"start":{"line":52,"column":0},"end":{"line":52,"column":27}}},"s":{"0":1,"1":1,"2":1,"3":1,"4":1,"5":1,"6":1,"7":1,"8":1,"9":1,"10":1,"11":1,"12":1,"13":1,"14":1,"15":1,"16":1,"17":1,"18":1,"19":1,"20":1,"21":1,"22":1,"23":1,"24":1,"25":1,"26":1,"27":1,"28":1,"29":1,"30":1,"31":1,"32":1,"33":1,"34":1,"35":1,"36":1,"37":1,"38":1,"39":1,"40":1,"41":1,"42":1,"43":1,"44":1,"45":1,"46":1,"47":1,"48":1,"49":1,"50":1,"51":1},"branchMap":{},"b":{},"fnMap":{},"f":{}},"/Users/brekk/work/monoculture/packages/monocle/hash.js":{"path":"/Users/brekk/work/monoculture/packages/monocle/hash.js","all":false,"statementMap":{"0":{"start":{"line":1,"column":0},"end":{"line":1,"column":32}},"1":{"start":{"line":2,"column":0},"end":{"line":2,"column":0}},"2":{"start":{"line":3,"column":0},"end":{"line":3,"column":28}},"3":{"start":{"line":4,"column":0},"end":{"line":4,"column":41}},"4":{"start":{"line":5,"column":0},"end":{"line":5,"column":17}},"5":{"start":{"line":6,"column":0},"end":{"line":6,"column":26}},"6":{"start":{"line":7,"column":0},"end":{"line":7,"column":1}}},"s":{"0":1,"1":1,"2":1,"3":32,"4":32,"5":32,"6":32},"branchMap":{"0":{"type":"branch","line":3,"loc":{"start":{"line":3,"column":20},"end":{"line":7,"column":1}},"locations":[{"start":{"line":3,"column":20},"end":{"line":7,"column":1}}]}},"b":{"0":[32]},"fnMap":{"0":{"name":"hash","decl":{"start":{"line":3,"column":20},"end":{"line":7,"column":1}},"loc":{"start":{"line":3,"column":20},"end":{"line":7,"column":1}},"line":3}},"f":{"0":32}},"/Users/brekk/work/monoculture/packages/monocle/index.js":{"path":"/Users/brekk/work/monoculture/packages/monocle/index.js","all":false,"statementMap":{"0":{"start":{"line":1,"column":0},"end":{"line":1,"column":22}},"1":{"start":{"line":2,"column":0},"end":{"line":2,"column":24}}},"s":{"0":1,"1":1},"branchMap":{},"b":{},"fnMap":{},"f":{}},"/Users/brekk/work/monoculture/packages/monocle/reader.js":{"path":"/Users/brekk/work/monoculture/packages/monocle/reader.js","all":false,"statementMap":{"0":{"start":{"line":1,"column":0},"end":{"line":1,"column":28}},"1":{"start":{"line":2,"column":0},"end":{"line":2,"column":0}},"2":{"start":{"line":3,"column":0},"end":{"line":3,"column":8}},"3":{"start":{"line":4,"column":0},"end":{"line":4,"column":16}},"4":{"start":{"line":5,"column":0},"end":{"line":5,"column":8}},"5":{"start":{"line":6,"column":0},"end":{"line":6,"column":7}},"6":{"start":{"line":7,"column":0},"end":{"line":7,"column":6}},"7":{"start":{"line":8,"column":0},"end":{"line":8,"column":7}},"8":{"start":{"line":9,"column":0},"end":{"line":9,"column":8}},"9":{"start":{"line":10,"column":0},"end":{"line":10,"column":11}},"10":{"start":{"line":11,"column":0},"end":{"line":11,"column":8}},"11":{"start":{"line":12,"column":0},"end":{"line":12,"column":14}},"12":{"start":{"line":13,"column":0},"end":{"line":13,"column":34}},"13":{"start":{"line":14,"column":0},"end":{"line":14,"column":0}},"14":{"start":{"line":15,"column":0},"end":{"line":15,"column":57}},"15":{"start":{"line":16,"column":0},"end":{"line":16,"column":46}},"16":{"start":{"line":17,"column":0},"end":{"line":17,"column":0}},"17":{"start":{"line":18,"column":0},"end":{"line":18,"column":29}},"18":{"start":{"line":19,"column":0},"end":{"line":19,"column":29}},"19":{"start":{"line":20,"column":0},"end":{"line":20,"column":0}},"20":{"start":{"line":21,"column":0},"end":{"line":21,"column":66}},"21":{"start":{"line":22,"column":0},"end":{"line":22,"column":7}},"22":{"start":{"line":23,"column":0},"end":{"line":23,"column":24}},"23":{"start":{"line":24,"column":0},"end":{"line":24,"column":13}},"24":{"start":{"line":25,"column":0},"end":{"line":25,"column":14}},"25":{"start":{"line":26,"column":0},"end":{"line":26,"column":11}},"26":{"start":{"line":27,"column":0},"end":{"line":27,"column":20}},"27":{"start":{"line":28,"column":0},"end":{"line":28,"column":65}},"28":{"start":{"line":29,"column":0},"end":{"line":29,"column":68}},"29":{"start":{"line":30,"column":0},"end":{"line":30,"column":18}},"30":{"start":{"line":31,"column":0},"end":{"line":31,"column":46}},"31":{"start":{"line":32,"column":0},"end":{"line":32,"column":26}},"32":{"start":{"line":33,"column":0},"end":{"line":33,"column":15}},"33":{"start":{"line":34,"column":0},"end":{"line":34,"column":10}},"34":{"start":{"line":35,"column":0},"end":{"line":35,"column":12}},"35":{"start":{"line":36,"column":0},"end":{"line":36,"column":5}},"36":{"start":{"line":37,"column":0},"end":{"line":37,"column":9}},"37":{"start":{"line":38,"column":0},"end":{"line":38,"column":1}},"38":{"start":{"line":39,"column":0},"end":{"line":39,"column":0}},"39":{"start":{"line":40,"column":0},"end":{"line":40,"column":51}},"40":{"start":{"line":41,"column":0},"end":{"line":41,"column":14}},"41":{"start":{"line":42,"column":0},"end":{"line":42,"column":29}},"42":{"start":{"line":43,"column":0},"end":{"line":43,"column":50}},"43":{"start":{"line":44,"column":0},"end":{"line":44,"column":26}},"44":{"start":{"line":45,"column":0},"end":{"line":45,"column":9}},"45":{"start":{"line":46,"column":0},"end":{"line":46,"column":22}},"46":{"start":{"line":47,"column":0},"end":{"line":47,"column":79}},"47":{"start":{"line":48,"column":0},"end":{"line":48,"column":9}},"48":{"start":{"line":49,"column":0},"end":{"line":49,"column":12}},"49":{"start":{"line":50,"column":0},"end":{"line":50,"column":2}},"50":{"start":{"line":51,"column":0},"end":{"line":51,"column":0}},"51":{"start":{"line":52,"column":0},"end":{"line":52,"column":65}},"52":{"start":{"line":53,"column":0},"end":{"line":53,"column":7}},"53":{"start":{"line":54,"column":0},"end":{"line":54,"column":20}},"54":{"start":{"line":55,"column":0},"end":{"line":55,"column":70}},"55":{"start":{"line":56,"column":0},"end":{"line":56,"column":12}},"56":{"start":{"line":57,"column":0},"end":{"line":57,"column":1}}},"s":{"0":1,"1":1,"2":1,"3":1,"4":1,"5":1,"6":1,"7":1,"8":1,"9":1,"10":1,"11":1,"12":1,"13":1,"14":1,"15":1,"16":1,"17":1,"18":1,"19":1,"20":1,"21":31,"22":31,"23":31,"24":31,"25":31,"26":31,"27":31,"28":31,"29":31,"30":31,"31":31,"32":31,"33":31,"34":31,"35":31,"36":31,"37":1,"38":1,"39":1,"40":4,"41":4,"42":4,"43":4,"44":2,"45":2,"46":2,"47":4,"48":4,"49":4,"50":1,"51":1,"52":2,"53":2,"54":2,"55":2,"56":1},"branchMap":{"0":{"type":"branch","line":21,"loc":{"start":{"line":21,"column":34},"end":{"line":37,"column":9}},"locations":[{"start":{"line":21,"column":34},"end":{"line":37,"column":9}}]},"1":{"type":"branch","line":25,"loc":{"start":{"line":25,"column":8},"end":{"line":35,"column":12}},"locations":[{"start":{"line":25,"column":8},"end":{"line":35,"column":12}}]},"2":{"type":"branch","line":29,"loc":{"start":{"line":29,"column":22},"end":{"line":29,"column":68}},"locations":[{"start":{"line":29,"column":22},"end":{"line":29,"column":68}}]},"3":{"type":"branch","line":29,"loc":{"start":{"line":29,"column":40},"end":{"line":29,"column":64}},"locations":[{"start":{"line":29,"column":40},"end":{"line":29,"column":64}}]},"4":{"type":"branch","line":29,"loc":{"start":{"line":29,"column":59},"end":{"line":29,"column":66}},"locations":[{"start":{"line":29,"column":59},"end":{"line":29,"column":66}}]},"5":{"type":"branch","line":30,"loc":{"start":{"line":30,"column":8},"end":{"line":34,"column":10}},"locations":[{"start":{"line":30,"column":8},"end":{"line":34,"column":10}}]},"6":{"type":"branch","line":40,"loc":{"start":{"line":40,"column":29},"end":{"line":50,"column":2}},"locations":[{"start":{"line":40,"column":29},"end":{"line":50,"column":2}}]},"7":{"type":"branch","line":45,"loc":{"start":{"line":45,"column":-1},"end":{"line":45,"column":9}},"locations":[{"start":{"line":45,"column":-1},"end":{"line":45,"column":9}}]},"8":{"type":"branch","line":46,"loc":{"start":{"line":46,"column":-1},"end":{"line":47,"column":79}},"locations":[{"start":{"line":46,"column":-1},"end":{"line":47,"column":79}}]},"9":{"type":"branch","line":46,"loc":{"start":{"line":46,"column":14},"end":{"line":47,"column":79}},"locations":[{"start":{"line":46,"column":14},"end":{"line":47,"column":79}}]},"10":{"type":"branch","line":52,"loc":{"start":{"line":52,"column":35},"end":{"line":56,"column":12}},"locations":[{"start":{"line":52,"column":35},"end":{"line":56,"column":12}}]},"11":{"type":"branch","line":55,"loc":{"start":{"line":55,"column":26},"end":{"line":55,"column":30}},"locations":[{"start":{"line":55,"column":26},"end":{"line":55,"column":30}}]},"12":{"type":"branch","line":55,"loc":{"start":{"line":55,"column":30},"end":{"line":55,"column":70}},"locations":[{"start":{"line":55,"column":30},"end":{"line":55,"column":70}}]}},"b":{"0":[31],"1":[31],"2":[1132],"3":[113],"4":[1019],"5":[31],"6":[4],"7":[2],"8":[2],"9":[2],"10":[2],"11":[1],"12":[1]},"fnMap":{},"f":{}},"/Users/brekk/work/monoculture/packages/monocle/trace.js":{"path":"/Users/brekk/work/monoculture/packages/monocle/trace.js","all":false,"statementMap":{"0":{"start":{"line":1,"column":0},"end":{"line":1,"column":39}},"1":{"start":{"line":2,"column":0},"end":{"line":2,"column":0}},"2":{"start":{"line":3,"column":0},"end":{"line":3,"column":72}}},"s":{"0":1,"1":1,"2":1},"branchMap":{},"b":{},"fnMap":{},"f":{}}}}
